<?xml version="1.0" encoding="UTF-8"?>
<!-- Generated by org.testng.reporters.JUnitReportReporter -->
<testsuite hostname="DESKTOP-OE9L8AE" failures="0" tests="2" name="testCases.CreateNewAccounTest" time="69.013" errors="0" timestamp="2022-08-26T23:08:37 IST" skipped="0">
  <testcase classname="testCases.CreateNewAccounTest" name="NewAccountCreationTest" time="53.735"/>
  <system-out/>
  <testcase classname="testCases.CreateNewAccounTest" name="verifyCreateNewAccTest" time="15.278"/>
  <system-out/>
</testsuite> <!-- testCases.CreateNewAccounTest -->
